<?xml version="1.0" encoding="UTF-8"?>
<testsuite xmlns:xsi="http://www.w3.org/2001/XMLSchema-instance" xsi:noNamespaceSchemaLocation="https://maven.apache.org/surefire/maven-surefire-plugin/xsd/surefire-test-report.xsd" name="com.cloudogu.gop.cli.GitopsPlaygroundCliTest" time="2.167" tests="1" errors="0" skipped="0" failures="0">
  <properties>
    <property name="sun.desktop" value="gnome"/>
    <property name="awt.toolkit" value="sun.awt.X11.XToolkit"/>
    <property name="java.specification.version" value="11"/>
    <property name="sun.cpu.isalist" value=""/>
    <property name="sun.jnu.encoding" value="UTF-8"/>
    <property name="java.class.path" value="/home/froy/Development/cloudogu_backend/k8s-gitops-playground/target/test-classes:/home/froy/Development/cloudogu_backend/k8s-gitops-playground/target/classes:/home/froy/.m2/repository/io/micronaut/micronaut-inject-groovy/2.5.0/micronaut-inject-groovy-2.5.0.jar:/home/froy/.m2/repository/org/slf4j/slf4j-api/1.7.26/slf4j-api-1.7.26.jar:/home/froy/.m2/repository/io/micronaut/micronaut-aop/2.5.0/micronaut-aop-2.5.0.jar:/home/froy/.m2/repository/org/codehaus/groovy/groovy/3.0.7/groovy-3.0.7.jar:/home/froy/.m2/repository/info/picocli/picocli/4.6.1/picocli-4.6.1.jar:/home/froy/.m2/repository/io/micronaut/groovy/micronaut-runtime-groovy/2.2.0/micronaut-runtime-groovy-2.2.0.jar:/home/froy/.m2/repository/io/micronaut/picocli/micronaut-picocli/3.2.0/micronaut-picocli-3.2.0.jar:/home/froy/.m2/repository/io/micronaut/micronaut-runtime/2.5.0/micronaut-runtime-2.5.0.jar:/home/froy/.m2/repository/io/micronaut/micronaut-http/2.5.0/micronaut-http-2.5.0.jar:/home/froy/.m2/repository/io/micronaut/micronaut-context/2.5.0/micronaut-context-2.5.0.jar:/home/froy/.m2/repository/com/fasterxml/jackson/core/jackson-databind/2.12.2/jackson-databind-2.12.2.jar:/home/froy/.m2/repository/com/fasterxml/jackson/core/jackson-annotations/2.12.2/jackson-annotations-2.12.2.jar:/home/froy/.m2/repository/com/fasterxml/jackson/core/jackson-core/2.12.2/jackson-core-2.12.2.jar:/home/froy/.m2/repository/com/fasterxml/jackson/datatype/jackson-datatype-jdk8/2.12.2/jackson-datatype-jdk8-2.12.2.jar:/home/froy/.m2/repository/com/fasterxml/jackson/datatype/jackson-datatype-jsr310/2.12.2/jackson-datatype-jsr310-2.12.2.jar:/home/froy/.m2/repository/info/picocli/picocli-codegen/4.6.1/picocli-codegen-4.6.1.jar:/home/froy/.m2/repository/io/micronaut/micronaut-inject/2.5.0/micronaut-inject-2.5.0.jar:/home/froy/.m2/repository/javax/annotation/javax.annotation-api/1.3.2/javax.annotation-api-1.3.2.jar:/home/froy/.m2/repository/javax/inject/javax.inject/1/javax.inject-1.jar:/home/froy/.m2/repository/io/micronaut/micronaut-core/2.5.0/micronaut-core-2.5.0.jar:/home/froy/.m2/repository/com/github/spotbugs/spotbugs-annotations/4.0.3/spotbugs-annotations-4.0.3.jar:/home/froy/.m2/repository/com/google/code/findbugs/jsr305/3.0.2/jsr305-3.0.2.jar:/home/froy/.m2/repository/org/yaml/snakeyaml/1.26/snakeyaml-1.26.jar:/home/froy/.m2/repository/io/micronaut/micronaut-validation/2.5.0/micronaut-validation-2.5.0.jar:/home/froy/.m2/repository/io/micronaut/micronaut-core-reactive/2.5.0/micronaut-core-reactive-2.5.0.jar:/home/froy/.m2/repository/org/reactivestreams/reactive-streams/1.0.3/reactive-streams-1.0.3.jar:/home/froy/.m2/repository/javax/validation/validation-api/2.0.1.Final/validation-api-2.0.1.Final.jar:/home/froy/.m2/repository/ch/qos/logback/logback-classic/1.2.3/logback-classic-1.2.3.jar:/home/froy/.m2/repository/ch/qos/logback/logback-core/1.2.3/logback-core-1.2.3.jar:/home/froy/.m2/repository/io/micronaut/micronaut-http-client/2.5.0/micronaut-http-client-2.5.0.jar:/home/froy/.m2/repository/io/reactivex/rxjava2/rxjava/2.2.10/rxjava-2.2.10.jar:/home/froy/.m2/repository/io/micronaut/micronaut-http-client-core/2.5.0/micronaut-http-client-core-2.5.0.jar:/home/froy/.m2/repository/io/micronaut/micronaut-websocket/2.5.0/micronaut-websocket-2.5.0.jar:/home/froy/.m2/repository/io/micronaut/micronaut-http-netty/2.5.0/micronaut-http-netty-2.5.0.jar:/home/froy/.m2/repository/io/micronaut/micronaut-buffer-netty/2.5.0/micronaut-buffer-netty-2.5.0.jar:/home/froy/.m2/repository/io/netty/netty-codec-http/4.1.59.Final/netty-codec-http-4.1.59.Final.jar:/home/froy/.m2/repository/io/netty/netty-handler/4.1.59.Final/netty-handler-4.1.59.Final.jar:/home/froy/.m2/repository/io/netty/netty-resolver/4.1.59.Final/netty-resolver-4.1.59.Final.jar:/home/froy/.m2/repository/io/netty/netty-codec-http2/4.1.59.Final/netty-codec-http2-4.1.59.Final.jar:/home/froy/.m2/repository/io/netty/netty-handler-proxy/4.1.59.Final/netty-handler-proxy-4.1.59.Final.jar:/home/froy/.m2/repository/io/netty/netty-common/4.1.59.Final/netty-common-4.1.59.Final.jar:/home/froy/.m2/repository/io/netty/netty-buffer/4.1.59.Final/netty-buffer-4.1.59.Final.jar:/home/froy/.m2/repository/io/netty/netty-transport/4.1.59.Final/netty-transport-4.1.59.Final.jar:/home/froy/.m2/repository/io/netty/netty-codec/4.1.59.Final/netty-codec-4.1.59.Final.jar:/home/froy/.m2/repository/io/netty/netty-codec-socks/4.1.59.Final/netty-codec-socks-4.1.59.Final.jar:/home/froy/.m2/repository/org/junit/jupiter/junit-jupiter-api/5.7.1/junit-jupiter-api-5.7.1.jar:/home/froy/.m2/repository/org/apiguardian/apiguardian-api/1.1.0/apiguardian-api-1.1.0.jar:/home/froy/.m2/repository/org/opentest4j/opentest4j/1.2.0/opentest4j-1.2.0.jar:/home/froy/.m2/repository/org/junit/platform/junit-platform-commons/1.7.1/junit-platform-commons-1.7.1.jar:/home/froy/.m2/repository/org/junit/jupiter/junit-jupiter-engine/5.7.1/junit-jupiter-engine-5.7.1.jar:/home/froy/.m2/repository/org/junit/platform/junit-platform-engine/1.7.1/junit-platform-engine-1.7.1.jar:/home/froy/.m2/repository/io/micronaut/test/micronaut-test-junit5/2.3.3/micronaut-test-junit5-2.3.3.jar:/home/froy/.m2/repository/io/micronaut/test/micronaut-test-core/2.3.3/micronaut-test-core-2.3.3.jar:"/>
    <property name="java.vm.vendor" value="AdoptOpenJDK"/>
    <property name="sun.arch.data.model" value="64"/>
    <property name="java.vendor.url" value="https://adoptopenjdk.net/"/>
    <property name="user.timezone" value=""/>
    <property name="java.vm.specification.version" value="11"/>
    <property name="os.name" value="Linux"/>
    <property name="sun.java.launcher" value="SUN_STANDARD"/>
    <property name="user.country" value="US"/>
    <property name="sun.boot.library.path" value="/home/froy/.sdkman/candidates/java/11.0.8.hs-adpt/lib"/>
    <property name="sun.java.command" value="/home/froy/Development/cloudogu_backend/k8s-gitops-playground/target/surefire/surefirebooter16848480358866064574.jar /home/froy/Development/cloudogu_backend/k8s-gitops-playground/target/surefire 2021-11-15T09-35-45_826-jvmRun1 surefire8208056466556177094tmp surefire_011412277781686877903tmp"/>
    <property name="jdk.debug" value="release"/>
    <property name="surefire.test.class.path" value="/home/froy/Development/cloudogu_backend/k8s-gitops-playground/target/test-classes:/home/froy/Development/cloudogu_backend/k8s-gitops-playground/target/classes:/home/froy/.m2/repository/io/micronaut/micronaut-inject-groovy/2.5.0/micronaut-inject-groovy-2.5.0.jar:/home/froy/.m2/repository/org/slf4j/slf4j-api/1.7.26/slf4j-api-1.7.26.jar:/home/froy/.m2/repository/io/micronaut/micronaut-aop/2.5.0/micronaut-aop-2.5.0.jar:/home/froy/.m2/repository/org/codehaus/groovy/groovy/3.0.7/groovy-3.0.7.jar:/home/froy/.m2/repository/info/picocli/picocli/4.6.1/picocli-4.6.1.jar:/home/froy/.m2/repository/io/micronaut/groovy/micronaut-runtime-groovy/2.2.0/micronaut-runtime-groovy-2.2.0.jar:/home/froy/.m2/repository/io/micronaut/picocli/micronaut-picocli/3.2.0/micronaut-picocli-3.2.0.jar:/home/froy/.m2/repository/io/micronaut/micronaut-runtime/2.5.0/micronaut-runtime-2.5.0.jar:/home/froy/.m2/repository/io/micronaut/micronaut-http/2.5.0/micronaut-http-2.5.0.jar:/home/froy/.m2/repository/io/micronaut/micronaut-context/2.5.0/micronaut-context-2.5.0.jar:/home/froy/.m2/repository/com/fasterxml/jackson/core/jackson-databind/2.12.2/jackson-databind-2.12.2.jar:/home/froy/.m2/repository/com/fasterxml/jackson/core/jackson-annotations/2.12.2/jackson-annotations-2.12.2.jar:/home/froy/.m2/repository/com/fasterxml/jackson/core/jackson-core/2.12.2/jackson-core-2.12.2.jar:/home/froy/.m2/repository/com/fasterxml/jackson/datatype/jackson-datatype-jdk8/2.12.2/jackson-datatype-jdk8-2.12.2.jar:/home/froy/.m2/repository/com/fasterxml/jackson/datatype/jackson-datatype-jsr310/2.12.2/jackson-datatype-jsr310-2.12.2.jar:/home/froy/.m2/repository/info/picocli/picocli-codegen/4.6.1/picocli-codegen-4.6.1.jar:/home/froy/.m2/repository/io/micronaut/micronaut-inject/2.5.0/micronaut-inject-2.5.0.jar:/home/froy/.m2/repository/javax/annotation/javax.annotation-api/1.3.2/javax.annotation-api-1.3.2.jar:/home/froy/.m2/repository/javax/inject/javax.inject/1/javax.inject-1.jar:/home/froy/.m2/repository/io/micronaut/micronaut-core/2.5.0/micronaut-core-2.5.0.jar:/home/froy/.m2/repository/com/github/spotbugs/spotbugs-annotations/4.0.3/spotbugs-annotations-4.0.3.jar:/home/froy/.m2/repository/com/google/code/findbugs/jsr305/3.0.2/jsr305-3.0.2.jar:/home/froy/.m2/repository/org/yaml/snakeyaml/1.26/snakeyaml-1.26.jar:/home/froy/.m2/repository/io/micronaut/micronaut-validation/2.5.0/micronaut-validation-2.5.0.jar:/home/froy/.m2/repository/io/micronaut/micronaut-core-reactive/2.5.0/micronaut-core-reactive-2.5.0.jar:/home/froy/.m2/repository/org/reactivestreams/reactive-streams/1.0.3/reactive-streams-1.0.3.jar:/home/froy/.m2/repository/javax/validation/validation-api/2.0.1.Final/validation-api-2.0.1.Final.jar:/home/froy/.m2/repository/ch/qos/logback/logback-classic/1.2.3/logback-classic-1.2.3.jar:/home/froy/.m2/repository/ch/qos/logback/logback-core/1.2.3/logback-core-1.2.3.jar:/home/froy/.m2/repository/io/micronaut/micronaut-http-client/2.5.0/micronaut-http-client-2.5.0.jar:/home/froy/.m2/repository/io/reactivex/rxjava2/rxjava/2.2.10/rxjava-2.2.10.jar:/home/froy/.m2/repository/io/micronaut/micronaut-http-client-core/2.5.0/micronaut-http-client-core-2.5.0.jar:/home/froy/.m2/repository/io/micronaut/micronaut-websocket/2.5.0/micronaut-websocket-2.5.0.jar:/home/froy/.m2/repository/io/micronaut/micronaut-http-netty/2.5.0/micronaut-http-netty-2.5.0.jar:/home/froy/.m2/repository/io/micronaut/micronaut-buffer-netty/2.5.0/micronaut-buffer-netty-2.5.0.jar:/home/froy/.m2/repository/io/netty/netty-codec-http/4.1.59.Final/netty-codec-http-4.1.59.Final.jar:/home/froy/.m2/repository/io/netty/netty-handler/4.1.59.Final/netty-handler-4.1.59.Final.jar:/home/froy/.m2/repository/io/netty/netty-resolver/4.1.59.Final/netty-resolver-4.1.59.Final.jar:/home/froy/.m2/repository/io/netty/netty-codec-http2/4.1.59.Final/netty-codec-http2-4.1.59.Final.jar:/home/froy/.m2/repository/io/netty/netty-handler-proxy/4.1.59.Final/netty-handler-proxy-4.1.59.Final.jar:/home/froy/.m2/repository/io/netty/netty-common/4.1.59.Final/netty-common-4.1.59.Final.jar:/home/froy/.m2/repository/io/netty/netty-buffer/4.1.59.Final/netty-buffer-4.1.59.Final.jar:/home/froy/.m2/repository/io/netty/netty-transport/4.1.59.Final/netty-transport-4.1.59.Final.jar:/home/froy/.m2/repository/io/netty/netty-codec/4.1.59.Final/netty-codec-4.1.59.Final.jar:/home/froy/.m2/repository/io/netty/netty-codec-socks/4.1.59.Final/netty-codec-socks-4.1.59.Final.jar:/home/froy/.m2/repository/org/junit/jupiter/junit-jupiter-api/5.7.1/junit-jupiter-api-5.7.1.jar:/home/froy/.m2/repository/org/apiguardian/apiguardian-api/1.1.0/apiguardian-api-1.1.0.jar:/home/froy/.m2/repository/org/opentest4j/opentest4j/1.2.0/opentest4j-1.2.0.jar:/home/froy/.m2/repository/org/junit/platform/junit-platform-commons/1.7.1/junit-platform-commons-1.7.1.jar:/home/froy/.m2/repository/org/junit/jupiter/junit-jupiter-engine/5.7.1/junit-jupiter-engine-5.7.1.jar:/home/froy/.m2/repository/org/junit/platform/junit-platform-engine/1.7.1/junit-platform-engine-1.7.1.jar:/home/froy/.m2/repository/io/micronaut/test/micronaut-test-junit5/2.3.3/micronaut-test-junit5-2.3.3.jar:/home/froy/.m2/repository/io/micronaut/test/micronaut-test-core/2.3.3/micronaut-test-core-2.3.3.jar:"/>
    <property name="sun.cpu.endian" value="little"/>
    <property name="user.home" value="/home/froy"/>
    <property name="user.language" value="en"/>
    <property name="java.specification.vendor" value="Oracle Corporation"/>
    <property name="java.version.date" value="2020-07-14"/>
    <property name="java.home" value="/home/froy/.sdkman/candidates/java/11.0.8.hs-adpt"/>
    <property name="file.separator" value="/"/>
    <property name="basedir" value="/home/froy/Development/cloudogu_backend/k8s-gitops-playground"/>
    <property name="java.vm.compressedOopsMode" value="Zero based"/>
    <property name="line.separator" value="&#10;"/>
    <property name="java.specification.name" value="Java Platform API Specification"/>
    <property name="java.vm.specification.vendor" value="Oracle Corporation"/>
    <property name="java.awt.graphicsenv" value="sun.awt.X11GraphicsEnvironment"/>
    <property name="surefire.real.class.path" value="/home/froy/Development/cloudogu_backend/k8s-gitops-playground/target/surefire/surefirebooter16848480358866064574.jar"/>
    <property name="sun.management.compiler" value="HotSpot 64-Bit Tiered Compilers"/>
    <property name="java.runtime.version" value="11.0.8+10"/>
    <property name="user.name" value="froy"/>
    <property name="path.separator" value=":"/>
    <property name="os.version" value="5.11.0-40-generic"/>
    <property name="java.runtime.name" value="OpenJDK Runtime Environment"/>
    <property name="file.encoding" value="UTF-8"/>
    <property name="java.vm.name" value="OpenJDK 64-Bit Server VM"/>
    <property name="java.vendor.version" value="AdoptOpenJDK"/>
    <property name="localRepository" value="/home/froy/.m2/repository"/>
    <property name="java.vendor.url.bug" value="https://github.com/AdoptOpenJDK/openjdk-support/issues"/>
    <property name="java.io.tmpdir" value="/tmp"/>
    <property name="java.version" value="11.0.8"/>
    <property name="user.dir" value="/home/froy/Development/cloudogu_backend/k8s-gitops-playground"/>
    <property name="os.arch" value="amd64"/>
    <property name="java.vm.specification.name" value="Java Virtual Machine Specification"/>
    <property name="java.awt.printerjob" value="sun.print.PSPrinterJob"/>
    <property name="sun.os.patch.level" value="unknown"/>
    <property name="java.library.path" value="/usr/java/packages/lib:/usr/lib64:/lib64:/lib:/usr/lib"/>
    <property name="java.vm.info" value="mixed mode"/>
    <property name="java.vendor" value="AdoptOpenJDK"/>
    <property name="java.vm.version" value="11.0.8+10"/>
    <property name="sun.io.unicode.encoding" value="UnicodeLittle"/>
    <property name="java.class.version" value="55.0"/>
  </properties>
  <testcase name="testWithCommandLineOption" classname="com.cloudogu.gop.cli.GitopsPlaygroundCliTest" time="1.769"/>
</testsuite>